# JRE version: OpenJDK Runtime Environment (17.0.13+12) (build 17.0.13+12-LTS)
# Java VM: OpenJDK 64-Bit Server VM (17.0.13+12-LTS, mixed mode, sharing, tiered, compressed oops, compressed class ptrs, g1 gc, windows-amd64)
GC Precious Log:
 CPUs: 16 total, 16 available
 Memory: 16108M
 Large Page Support: Disabled
 NUMA Support: Disabled
 Compressed Oops: Enabled (32-bit)
 Heap Region Size: 1M
 Heap Min Capacity: 256M
 Heap Initial Capacity: 256M
 Heap Max Capacity: 512M
 Pre-touch: Disabled
 Parallel Workers: 13
 Concurrent Workers: 3
 Concurrent Refinement Workers: 13
 Periodic GC: Disabled
Heap:
 garbage-first heap   total 262144K, used 89488K [0x00000000e0000000, 0x0000000100000000)
  region size 1024K, 22 young (22528K), 10 survivors (10240K)
 Metaspace       used 78943K, committed 79616K, reserved 458752K
  class space    used 10651K, committed 10944K, reserved 327680K
GC Heap History (20 events):
Event: 1.021 GC heap before
{Heap before GC invocations=1 (full 0):
 garbage-first heap   total 262144K, used 38867K [0x00000000e0000000, 0x0000000100000000)
  region size 1024K, 34 young (34816K), 3 survivors (3072K)
 Metaspace       used 4446K, committed 4608K, reserved 393216K
  class space    used 543K, committed 640K, reserved 327680K
}
Event: 1.025 GC heap after
{Heap after GC invocations=2 (full 0):
 garbage-first heap   total 262144K, used 11912K [0x00000000e0000000, 0x0000000100000000)
  region size 1024K, 4 young (4096K), 4 survivors (4096K)
 Metaspace       used 4446K, committed 4608K, reserved 393216K
  class space    used 543K, committed 640K, reserved 327680K
}
Event: 1.397 GC heap before
{Heap before GC invocations=2 (full 0):
 garbage-first heap   total 262144K, used 60040K [0x00000000e0000000, 0x0000000100000000)
  region size 1024K, 49 young (50176K), 4 survivors (4096K)
 Metaspace       used 4913K, committed 5056K, reserved 393216K
  class space    used 628K, committed 704K, reserved 327680K
}
Event: 1.401 GC heap after
{Heap after GC invocations=3 (full 0):
 garbage-first heap   total 262144K, used 17314K [0x00000000e0000000, 0x0000000100000000)
  region size 1024K, 7 young (7168K), 7 survivors (7168K)
 Metaspace       used 4913K, committed 5056K, reserved 393216K
  class space    used 628K, committed 704K, reserved 327680K
}
Event: 3.285 GC heap before
{Heap before GC invocations=3 (full 0):
 garbage-first heap   total 262144K, used 123810K [0x00000000e0000000, 0x0000000100000000)
  region size 1024K, 112 young (114688K), 7 survivors (7168K)
 Metaspace       used 21177K, committed 21504K, reserved 393216K
  class space    used 3074K, committed 3264K, reserved 327680K
}
Event: 3.294 GC heap after
{Heap after GC invocations=4 (full 0):
 garbage-first heap   total 262144K, used 25210K [0x00000000e0000000, 0x0000000100000000)
  region size 1024K, 15 young (15360K), 15 survivors (15360K)
 Metaspace       used 21177K, committed 21504K, reserved 393216K
  class space    used 3074K, committed 3264K, reserved 327680K
}
Event: 5.281 GC heap before
{Heap before GC invocations=5 (full 0):
 garbage-first heap   total 262144K, used 145018K [0x00000000e0000000, 0x0000000100000000)
  region size 1024K, 129 young (132096K), 15 survivors (15360K)
 Metaspace       used 35588K, committed 35968K, reserved 393216K
  class space    used 4922K, committed 5120K, reserved 327680K
}
Event: 5.292 GC heap after
{Heap after GC invocations=6 (full 0):
 garbage-first heap   total 262144K, used 33769K [0x00000000e0000000, 0x0000000100000000)
  region size 1024K, 16 young (16384K), 16 survivors (16384K)
 Metaspace       used 35588K, committed 35968K, reserved 393216K
  class space    used 4922K, committed 5120K, reserved 327680K
}
Event: 5.311 GC heap before
{Heap before GC invocations=6 (full 0):
 garbage-first heap   total 262144K, used 34793K [0x00000000e0000000, 0x0000000100000000)
  region size 1024K, 17 young (17408K), 16 survivors (16384K)
 Metaspace       used 35690K, committed 36160K, reserved 393216K
  class space    used 4934K, committed 5184K, reserved 327680K
}
Event: 5.319 GC heap after
{Heap after GC invocations=7 (full 0):
 garbage-first heap   total 262144K, used 34156K [0x00000000e0000000, 0x0000000100000000)
  region size 1024K, 3 young (3072K), 3 survivors (3072K)
 Metaspace       used 35690K, committed 36160K, reserved 393216K
  class space    used 4934K, committed 5184K, reserved 327680K
}
Event: 5.365 GC heap before
{Heap before GC invocations=7 (full 0):
 garbage-first heap   total 262144K, used 36204K [0x00000000e0000000, 0x0000000100000000)
  region size 1024K, 6 young (6144K), 3 survivors (3072K)
 Metaspace       used 35892K, committed 36288K, reserved 393216K
  class space    used 4974K, committed 5184K, reserved 327680K
}
Event: 5.367 GC heap after
{Heap after GC invocations=8 (full 0):
 garbage-first heap   total 262144K, used 32575K [0x00000000e0000000, 0x0000000100000000)
  region size 1024K, 1 young (1024K), 1 survivors (1024K)
 Metaspace       used 35892K, committed 36288K, reserved 393216K
  class space    used 4974K, committed 5184K, reserved 327680K
}
Event: 6.858 GC heap before
{Heap before GC invocations=9 (full 0):
 garbage-first heap   total 262144K, used 189247K [0x00000000e0000000, 0x0000000100000000)
  region size 1024K, 153 young (156672K), 1 survivors (1024K)
 Metaspace       used 49289K, committed 49856K, reserved 393216K
  class space    used 7001K, committed 7232K, reserved 327680K
}
Event: 6.863 GC heap after
{Heap after GC invocations=10 (full 0):
 garbage-first heap   total 262144K, used 40627K [0x00000000e0000000, 0x0000000100000000)
  region size 1024K, 9 young (9216K), 9 survivors (9216K)
 Metaspace       used 49289K, committed 49856K, reserved 393216K
  class space    used 7001K, committed 7232K, reserved 327680K
}
Event: 8.691 GC heap before
{Heap before GC invocations=10 (full 0):
 garbage-first heap   total 262144K, used 181939K [0x00000000e0000000, 0x0000000100000000)
  region size 1024K, 149 young (152576K), 9 survivors (9216K)
 Metaspace       used 60258K, committed 60800K, reserved 393216K
  class space    used 8432K, committed 8704K, reserved 327680K
}
Event: 8.703 GC heap after
{Heap after GC invocations=11 (full 0):
 garbage-first heap   total 262144K, used 53189K [0x00000000e0000000, 0x0000000100000000)
  region size 1024K, 20 young (20480K), 20 survivors (20480K)
 Metaspace       used 60258K, committed 60800K, reserved 393216K
  class space    used 8432K, committed 8704K, reserved 327680K
}
Event: 11.288 GC heap before
{Heap before GC invocations=12 (full 0):
 garbage-first heap   total 262144K, used 190405K [0x00000000e0000000, 0x0000000100000000)
  region size 1024K, 153 young (156672K), 20 survivors (20480K)
 Metaspace       used 70748K, committed 71360K, reserved 393216K
  class space    used 9686K, committed 9984K, reserved 327680K
}
Event: 11.299 GC heap after
{Heap after GC invocations=13 (full 0):
 garbage-first heap   total 262144K, used 69325K [0x00000000e0000000, 0x0000000100000000)
  region size 1024K, 15 young (15360K), 15 survivors (15360K)
 Metaspace       used 70748K, committed 71360K, reserved 393216K
  class space    used 9686K, committed 9984K, reserved 327680K
}
Event: 13.517 GC heap before
{Heap before GC invocations=13 (full 0):
 garbage-first heap   total 262144K, used 201421K [0x00000000e0000000, 0x0000000100000000)
  region size 1024K, 144 young (147456K), 15 survivors (15360K)
 Metaspace       used 78519K, committed 79232K, reserved 458752K
  class space    used 10604K, committed 10944K, reserved 327680K
}
Event: 13.527 GC heap after
{Heap after GC invocations=14 (full 0):
 garbage-first heap   total 262144K, used 78224K [0x00000000e0000000, 0x0000000100000000)
  region size 1024K, 10 young (10240K), 10 survivors (10240K)
 Metaspace       used 78519K, committed 79232K, reserved 458752K
  class space    used 10604K, committed 10944K, reserved 327680K
}

